<?xml version="1.0" encoding="UTF-8"?>
<testng-results skipped="0" failed="0" ignored="0" total="1" passed="1">
  <reporter-output>
  </reporter-output>
  <suite name="Leap_AU_Test_Suite" duration-ms="21" started-at="2018-05-04T00:12:06Z" finished-at="2018-05-04T00:12:06Z">
    <groups>
    </groups>
    <test name="Remember Username And Password" duration-ms="21" started-at="2018-05-04T00:12:06Z" finished-at="2018-05-04T00:12:06Z">
      <class name="FirstTest">
        <test-method status="PASS" signature="ValidateItWorks()[pri:0, instance:FirstTest@5d76b067]" name="ValidateItWorks" duration-ms="4" started-at="2018-05-04T10:12:06Z" finished-at="2018-05-04T10:12:06Z">
          <reporter-output>
          </reporter-output>
        </test-method> <!-- ValidateItWorks -->
      </class> <!-- FirstTest -->
    </test> <!-- Remember Username And Password -->
  </suite> <!-- Leap_AU_Test_Suite -->
</testng-results>
